#!RESULT OK
#!CONNECTION ldap://localhost:10389
#!DATE 2026-04-07T18:27:52.252
dn: cn=Imie Nazwisko,ou=Riders+description=Organizational unit including rid
 ers,ou=Speedway+description=Main organizational unit,dc=example,dc=com
objectClass: inetOrgPerson
cn: Imie
sn: Nazwisko

#!RESULT OK
#!CONNECTION ldap://localhost:10389
#!DATE 2026-04-07T18:27:52.264
dn: cn=Pawel Caban,ou=Riders+description=Organizational unit including rider
 s,ou=Speedway+description=Main organizational unit,dc=example,dc=com
objectClass: inetOrgPerson
cn: Pawel
sn: Caban

#!RESULT OK
#!CONNECTION ldap://localhost:10389
#!DATE 2026-04-07T18:27:52.274
dn: cn=Alan Ciurzynski,ou=Riders+description=Organizational unit including r
 iders,ou=Speedway+description=Main organizational unit,dc=example,dc=com
objectClass: inetOrgPerson
cn: Alan
sn: Ciurzynski

#!RESULT OK
#!CONNECTION ldap://localhost:10389
#!DATE 2026-04-07T18:27:52.285
dn: cn=Mads Hansen,ou=Riders+description=Organizational unit including rider
 s,ou=Speedway+description=Main organizational unit,dc=example,dc=com
objectClass: inetOrgPerson
cn: Mads
sn: Hansen

#!RESULT OK
#!CONNECTION ldap://localhost:10389
#!DATE 2026-04-07T18:27:52.294
dn: cn=Franciszek Karczewski,ou=Riders+description=Organizational unit inclu
 ding riders,ou=Speedway+description=Main organizational unit,dc=example,dc=
 com
objectClass: inetOrgPerson
cn: Franciszek
sn: Karczewski

#!RESULT OK
#!CONNECTION ldap://localhost:10389
#!DATE 2026-04-07T18:27:52.303
dn: cn=Jaimon Lidsey,ou=Riders+description=Organizational unit including rid
 ers,ou=Speedway+description=Main organizational unit,dc=example,dc=com
objectClass: inetOrgPerson
cn: Jaimon
sn: Lidsey

#!RESULT OK
#!CONNECTION ldap://localhost:10389
#!DATE 2026-04-07T18:27:52.311
dn: cn=Szymon Ludwiczak,ou=Riders+description=Organizational unit including 
 riders,ou=Speedway+description=Main organizational unit,dc=example,dc=com
objectClass: inetOrgPerson
cn: Szymon
sn: Ludwiczak

#!RESULT OK
#!CONNECTION ldap://localhost:10389
#!DATE 2026-04-07T18:27:52.320
dn: cn=Jakub Miskowiak,ou=Riders+description=Organizational unit including r
 iders,ou=Speedway+description=Main organizational unit,dc=example,dc=com
objectClass: inetOrgPerson
cn: Jakub
sn: Miskowiak

#!RESULT OK
#!CONNECTION ldap://localhost:10389
#!DATE 2026-04-07T18:27:52.329
dn: cn=Dawid Rozpedek,ou=Riders+description=Organizational unit including ri
 ders,ou=Speedway+description=Main organizational unit,dc=example,dc=com
objectClass: inetOrgPerson
cn: Dawid
sn: Rozpedek

#!RESULT OK
#!CONNECTION ldap://localhost:10389
#!DATE 2026-04-07T18:27:52.336
dn: cn=Bartosz Smigielski,ou=Riders+description=Organizational unit includin
 g riders,ou=Speedway+description=Main organizational unit,dc=example,dc=com
objectClass: inetOrgPerson
cn: Bartosz
sn: Smigielski

#!RESULT OK
#!CONNECTION ldap://localhost:10389
#!DATE 2026-04-07T18:27:52.346
dn: cn=Sebastian Szostak,ou=Riders+description=Organizational unit including
  riders,ou=Speedway+description=Main organizational unit,dc=example,dc=com
objectClass: inetOrgPerson
cn: Sebastian
sn: Szostak

#!RESULT OK
#!CONNECTION ldap://localhost:10389
#!DATE 2026-04-07T18:27:52.355
dn: cn=Rohan Tungate,ou=Riders+description=Organizational unit including rid
 ers,ou=Speedway+description=Main organizational unit,dc=example,dc=com
objectClass: inetOrgPerson
cn: Rohan
sn: Tungate

#!RESULT OK
#!CONNECTION ldap://localhost:10389
#!DATE 2026-04-07T18:27:52.367
dn: cn=Denis Andrzejczak,ou=Riders+description=Organizational unit including
  riders,ou=Speedway+description=Main organizational unit,dc=example,dc=com
objectClass: inetOrgPerson
cn: Denis
sn: Andrzejczak

#!RESULT OK
#!CONNECTION ldap://localhost:10389
#!DATE 2026-04-07T18:27:52.378
dn: cn=Adam Bednar,ou=Riders+description=Organizational unit including rider
 s,ou=Speedway+description=Main organizational unit,dc=example,dc=com
objectClass: inetOrgPerson
cn: Adam
sn: Bednar

#!RESULT OK
#!CONNECTION ldap://localhost:10389
#!DATE 2026-04-07T18:27:52.389
dn: cn=Oskar Chatlas,ou=Riders+description=Organizational unit including rid
 ers,ou=Speedway+description=Main organizational unit,dc=example,dc=com
objectClass: inetOrgPerson
cn: Oskar
sn: Chatlas

#!RESULT OK
#!CONNECTION ldap://localhost:10389
#!DATE 2026-04-07T18:27:52.399
dn: cn=Jack Holder,ou=Riders+description=Organizational unit including rider
 s,ou=Speedway+description=Main organizational unit,dc=example,dc=com
objectClass: inetOrgPerson
cn: Jack
sn: Holder

#!RESULT OK
#!CONNECTION ldap://localhost:10389
#!DATE 2026-04-07T18:27:52.409
dn: cn=Hubert Jablonski,ou=Riders+description=Organizational unit including 
 riders,ou=Speedway+description=Main organizational unit,dc=example,dc=com
objectClass: inetOrgPerson
cn: Hubert
sn: Jablonski

#!RESULT OK
#!CONNECTION ldap://localhost:10389
#!DATE 2026-04-07T18:27:52.419
dn: cn=Igor Kordun,ou=Riders+description=Organizational unit including rider
 s,ou=Speedway+description=Main organizational unit,dc=example,dc=com
objectClass: inetOrgPerson
cn: Igor
sn: Kordun

#!RESULT OK
#!CONNECTION ldap://localhost:10389
#!DATE 2026-04-07T18:27:52.429
dn: cn=Kewin Nycz,ou=Riders+description=Organizational unit including riders
 ,ou=Speedway+description=Main organizational unit,dc=example,dc=com
objectClass: inetOrgPerson
cn: Kewin
sn: Nycz

#!RESULT OK
#!CONNECTION ldap://localhost:10389
#!DATE 2026-04-07T18:27:52.438
dn: cn=Oskar Paluch,ou=Riders+description=Organizational unit including ride
 rs,ou=Speedway+description=Main organizational unit,dc=example,dc=com
objectClass: inetOrgPerson
cn: Oskar
sn: Paluch

#!RESULT OK
#!CONNECTION ldap://localhost:10389
#!DATE 2026-04-07T18:27:52.450
dn: cn=Mathias Pollestad,ou=Riders+description=Organizational unit including
  riders,ou=Speedway+description=Main organizational unit,dc=example,dc=com
objectClass: inetOrgPerson
cn: Mathias
sn: Pollestad

#!RESULT OK
#!CONNECTION ldap://localhost:10389
#!DATE 2026-04-07T18:27:52.459
dn: cn=Pawel Przedpelski,ou=Riders+description=Organizational unit including
  riders,ou=Speedway+description=Main organizational unit,dc=example,dc=com
objectClass: inetOrgPerson
cn: Pawel
sn: Przedpelski

#!RESULT OK
#!CONNECTION ldap://localhost:10389
#!DATE 2026-04-07T18:27:52.468
dn: cn=Andres Thompsen,ou=Riders+description=Organizational unit including r
 iders,ou=Speedway+description=Main organizational unit,dc=example,dc=com
objectClass: inetOrgPerson
cn: Andres
sn: Thompsen

#!RESULT OK
#!CONNECTION ldap://localhost:10389
#!DATE 2026-04-07T18:27:52.479
dn: cn=Beau Bailey,ou=Riders+description=Organizational unit including rider
 s,ou=Speedway+description=Main organizational unit,dc=example,dc=com
objectClass: inetOrgPerson
cn: Beau
sn: Bailey

#!RESULT OK
#!CONNECTION ldap://localhost:10389
#!DATE 2026-04-07T18:27:52.490
dn: cn=Emil Breum Ankersen,ou=Riders+description=Organizational unit includi
 ng riders,ou=Speedway+description=Main organizational unit,dc=example,dc=co
 m
objectClass: inetOrgPerson
cn: Emil
sn: Breum Ankersen

#!RESULT OK
#!CONNECTION ldap://localhost:10389
#!DATE 2026-04-07T18:27:52.500
dn: cn=Maksym Drabik,ou=Riders+description=Organizational unit including rid
 ers,ou=Speedway+description=Main organizational unit,dc=example,dc=com
objectClass: inetOrgPerson
cn: Maksym
sn: Drabik

#!RESULT OK
#!CONNECTION ldap://localhost:10389
#!DATE 2026-04-07T18:27:52.515
dn: cn=Max Fricke,ou=Riders+description=Organizational unit including riders
 ,ou=Speedway+description=Main organizational unit,dc=example,dc=com
objectClass: inetOrgPerson
cn: Max
sn: Fricke

#!RESULT OK
#!CONNECTION ldap://localhost:10389
#!DATE 2026-04-07T18:27:52.526
dn: cn=Kevin Iwanski-Helt,ou=Riders+description=Organizational unit includin
 g riders,ou=Speedway+description=Main organizational unit,dc=example,dc=com
objectClass: inetOrgPerson
cn: Kevin
sn: Iwanski-Helt

#!RESULT OK
#!CONNECTION ldap://localhost:10389
#!DATE 2026-04-07T18:27:52.536
dn: cn=Michael Jepsen Jensen,ou=Riders+description=Organizational unit inclu
 ding riders,ou=Speedway+description=Main organizational unit,dc=example,dc=
 com
objectClass: inetOrgPerson
cn: Michael
sn: Jepsen Jensen

#!RESULT OK
#!CONNECTION ldap://localhost:10389
#!DATE 2026-04-07T18:27:52.545
dn: cn=Kevin Malkiewicz,ou=Riders+description=Organizational unit including 
 riders,ou=Speedway+description=Main organizational unit,dc=example,dc=com
objectClass: inetOrgPerson
cn: Kevin
sn: Malkiewicz

#!RESULT OK
#!CONNECTION ldap://localhost:10389
#!DATE 2026-04-07T18:27:52.555
dn: cn=Damian Miller,ou=Riders+description=Organizational unit including rid
 ers,ou=Speedway+description=Main organizational unit,dc=example,dc=com
objectClass: inetOrgPerson
cn: Damian
sn: Miller

#!RESULT OK
#!CONNECTION ldap://localhost:10389
#!DATE 2026-04-07T18:27:52.566
dn: cn=Bastian Pedersen,ou=Riders+description=Organizational unit including 
 riders,ou=Speedway+description=Main organizational unit,dc=example,dc=com
objectClass: inetOrgPerson
cn: Bastian
sn: Pedersen

#!RESULT OK
#!CONNECTION ldap://localhost:10389
#!DATE 2026-04-07T18:27:52.576
dn: cn=Jan Przanowski,ou=Riders+description=Organizational unit including ri
 ders,ou=Speedway+description=Main organizational unit,dc=example,dc=com
objectClass: inetOrgPerson
cn: Jan
sn: Przanowski

#!RESULT OK
#!CONNECTION ldap://localhost:10389
#!DATE 2026-04-07T18:27:52.584
dn: cn=Kacper Szarszewski,ou=Riders+description=Organizational unit includin
 g riders,ou=Speedway+description=Main organizational unit,dc=example,dc=com
objectClass: inetOrgPerson
cn: Kacper
sn: Szarszewski

#!RESULT OK
#!CONNECTION ldap://localhost:10389
#!DATE 2026-04-07T18:27:52.594
dn: cn=Vadim Tarasenko,ou=Riders+description=Organizational unit including r
 iders,ou=Speedway+description=Main organizational unit,dc=example,dc=com
objectClass: inetOrgPerson
cn: Vadim
sn: Tarasenko

#!RESULT OK
#!CONNECTION ldap://localhost:10389
#!DATE 2026-04-07T18:27:52.604
dn: cn=Benjamin Cook,ou=Riders+description=Organizational unit including rid
 ers,ou=Speedway+description=Main organizational unit,dc=example,dc=com
objectClass: inetOrgPerson
cn: Benjamin
sn: Cook

#!RESULT OK
#!CONNECTION ldap://localhost:10389
#!DATE 2026-04-07T18:27:52.614
dn: cn=Marcel Juskowiak,ou=Riders+description=Organizational unit including 
 riders,ou=Speedway+description=Main organizational unit,dc=example,dc=com
objectClass: inetOrgPerson
cn: Marcel
sn: Juskowiak

#!RESULT OK
#!CONNECTION ldap://localhost:10389
#!DATE 2026-04-07T18:27:52.624
dn: cn=Janusz Kolodziej,ou=Riders+description=Organizational unit including 
 riders,ou=Speedway+description=Main organizational unit,dc=example,dc=com
objectClass: inetOrgPerson
cn: Janusz
sn: Kolodziej

#!RESULT OK
#!CONNECTION ldap://localhost:10389
#!DATE 2026-04-07T18:27:52.635
dn: cn=Kacper Mania,ou=Riders+description=Organizational unit including ride
 rs,ou=Speedway+description=Main organizational unit,dc=example,dc=com
objectClass: inetOrgPerson
cn: Kacper
sn: Mania

#!RESULT OK
#!CONNECTION ldap://localhost:10389
#!DATE 2026-04-07T18:27:52.644
dn: cn=Nazar Parnitskyi,ou=Riders+description=Organizational unit including 
 riders,ou=Speedway+description=Main organizational unit,dc=example,dc=com
objectClass: inetOrgPerson
cn: Nazar
sn: Parnitskyi

#!RESULT OK
#!CONNECTION ldap://localhost:10389
#!DATE 2026-04-07T18:27:52.661
dn: cn=Piotr Pawlicki,ou=Riders+description=Organizational unit including ri
 ders,ou=Speedway+description=Main organizational unit,dc=example,dc=com
objectClass: inetOrgPerson
cn: Piotr
sn: Pawlicki

#!RESULT OK
#!CONNECTION ldap://localhost:10389
#!DATE 2026-04-07T18:27:52.670
dn: cn=Keynan Rew,ou=Riders+description=Organizational unit including riders
 ,ou=Speedway+description=Main organizational unit,dc=example,dc=com
objectClass: inetOrgPerson
cn: Keynan
sn: Rew

#!RESULT OK
#!CONNECTION ldap://localhost:10389
#!DATE 2026-04-07T18:27:52.679
dn: cn=Kuba Wojtynka,ou=Riders+description=Organizational unit including rid
 ers,ou=Speedway+description=Main organizational unit,dc=example,dc=com
objectClass: inetOrgPerson
cn: Kuba
sn: Wojtynka

#!RESULT OK
#!CONNECTION ldap://localhost:10389
#!DATE 2026-04-07T18:27:52.692
dn: cn=Grzegorz Zengota,ou=Riders+description=Organizational unit including 
 riders,ou=Speedway+description=Main organizational unit,dc=example,dc=com
objectClass: inetOrgPerson
cn: Grzegorz
sn: Zengota

#!RESULT OK
#!CONNECTION ldap://localhost:10389
#!DATE 2026-04-07T18:27:52.705
dn: cn=Bartosz Banbor,ou=Riders+description=Organizational unit including ri
 ders,ou=Speedway+description=Main organizational unit,dc=example,dc=com
objectClass: inetOrgPerson
cn: Bartosz
sn: Banbor

#!RESULT OK
#!CONNECTION ldap://localhost:10389
#!DATE 2026-04-07T18:27:52.714
dn: cn=Dawid Cepielik,ou=Riders+description=Organizational unit including ri
 ders,ou=Speedway+description=Main organizational unit,dc=example,dc=com
objectClass: inetOrgPerson
cn: Dawid
sn: Cepielik

#!RESULT OK
#!CONNECTION ldap://localhost:10389
#!DATE 2026-04-07T18:27:52.725
dn: cn=Mateusz Cierniak,ou=Riders+description=Organizational unit including 
 riders,ou=Speedway+description=Main organizational unit,dc=example,dc=com
objectClass: inetOrgPerson
cn: Mateusz
sn: Cierniak

#!RESULT OK
#!CONNECTION ldap://localhost:10389
#!DATE 2026-04-07T18:27:52.740
dn: cn=Bartosz Jaworski,ou=Riders+description=Organizational unit including 
 riders,ou=Speedway+description=Main organizational unit,dc=example,dc=com
objectClass: inetOrgPerson
cn: Bartosz
sn: Jaworski

#!RESULT OK
#!CONNECTION ldap://localhost:10389
#!DATE 2026-04-07T18:27:52.752
dn: cn=Fredrik Lindgren,ou=Riders+description=Organizational unit including 
 riders,ou=Speedway+description=Main organizational unit,dc=example,dc=com
objectClass: inetOrgPerson
cn: Fredrik
sn: Lindgren

#!RESULT OK
#!CONNECTION ldap://localhost:10389
#!DATE 2026-04-07T18:27:52.761
dn: cn=Michal Psiuk,ou=Riders+description=Organizational unit including ride
 rs,ou=Speedway+description=Main organizational unit,dc=example,dc=com
objectClass: inetOrgPerson
cn: Michal
sn: Psiuk

#!RESULT OK
#!CONNECTION ldap://localhost:10389
#!DATE 2026-04-07T18:27:52.773
dn: cn=Karol Szmyd,ou=Riders+description=Organizational unit including rider
 s,ou=Speedway+description=Main organizational unit,dc=example,dc=com
objectClass: inetOrgPerson
cn: Karol
sn: Szmyd

#!RESULT OK
#!CONNECTION ldap://localhost:10389
#!DATE 2026-04-07T18:27:52.784
dn: cn=Martin Vaculik,ou=Riders+description=Organizational unit including ri
 ders,ou=Speedway+description=Main organizational unit,dc=example,dc=com
objectClass: inetOrgPerson
cn: Martin
sn: Vaculik

#!RESULT OK
#!CONNECTION ldap://localhost:10389
#!DATE 2026-04-07T18:27:52.795
dn: cn=Kacper Woryna,ou=Riders+description=Organizational unit including rid
 ers,ou=Speedway+description=Main organizational unit,dc=example,dc=com
objectClass: inetOrgPerson
cn: Kacper
sn: Woryna

#!RESULT OK
#!CONNECTION ldap://localhost:10389
#!DATE 2026-04-07T18:27:52.807
dn: cn=Bartosz Zmarzlik,ou=Riders+description=Organizational unit including 
 riders,ou=Speedway+description=Main organizational unit,dc=example,dc=com
objectClass: inetOrgPerson
cn: Bartosz
sn: Zmarzlik

#!RESULT OK
#!CONNECTION ldap://localhost:10389
#!DATE 2026-04-07T18:27:52.818
dn: cn=Norick Bloedorn,ou=Riders+description=Organizational unit including r
 iders,ou=Speedway+description=Main organizational unit,dc=example,dc=com
objectClass: inetOrgPerson
cn: Norick
sn: Bloedorn

#!RESULT OK
#!CONNECTION ldap://localhost:10389
#!DATE 2026-04-07T18:27:52.827
dn: cn=Bartosz Derek,ou=Riders+description=Organizational unit including rid
 ers,ou=Speedway+description=Main organizational unit,dc=example,dc=com
objectClass: inetOrgPerson
cn: Bartosz
sn: Derek

#!RESULT OK
#!CONNECTION ldap://localhost:10389
#!DATE 2026-04-07T18:27:52.841
dn: cn=Mikolaj Duchinski,ou=Riders+description=Organizational unit including
  riders,ou=Speedway+description=Main organizational unit,dc=example,dc=com
objectClass: inetOrgPerson
cn: Mikolaj
sn: Duchinski

#!RESULT OK
#!CONNECTION ldap://localhost:10389
#!DATE 2026-04-07T18:27:52.852
dn: cn=Patryk Dudek,ou=Riders+description=Organizational unit including ride
 rs,ou=Speedway+description=Main organizational unit,dc=example,dc=com
objectClass: inetOrgPerson
cn: Patryk
sn: Dudek

#!RESULT OK
#!CONNECTION ldap://localhost:10389
#!DATE 2026-04-07T18:27:52.863
dn: cn=Nicolai Heiselberg,ou=Riders+description=Organizational unit includin
 g riders,ou=Speedway+description=Main organizational unit,dc=example,dc=com
objectClass: inetOrgPerson
cn: Nicolai
sn: Heiselberg

#!RESULT OK
#!CONNECTION ldap://localhost:10389
#!DATE 2026-04-07T18:27:52.874
dn: cn=Antoni Kawczynski,ou=Riders+description=Organizational unit including
  riders,ou=Speedway+description=Main organizational unit,dc=example,dc=com
objectClass: inetOrgPerson
cn: Antoni
sn: Kawczynski

#!RESULT OK
#!CONNECTION ldap://localhost:10389
#!DATE 2026-04-07T18:27:52.883
dn: cn=Robert Lambert,ou=Riders+description=Organizational unit including ri
 ders,ou=Speedway+description=Main organizational unit,dc=example,dc=com
objectClass: inetOrgPerson
cn: Robert
sn: Lambert

#!RESULT OK
#!CONNECTION ldap://localhost:10389
#!DATE 2026-04-07T18:27:52.894
dn: cn=Mikkel Michelsen,ou=Riders+description=Organizational unit including 
 riders,ou=Speedway+description=Main organizational unit,dc=example,dc=com
objectClass: inetOrgPerson
cn: Mikkel
sn: Michelsen

#!RESULT OK
#!CONNECTION ldap://localhost:10389
#!DATE 2026-04-07T18:27:52.905
dn: cn=Emil Sajfutdinow,ou=Riders+description=Organizational unit including 
 riders,ou=Speedway+description=Main organizational unit,dc=example,dc=com
objectClass: inetOrgPerson
cn: Emil
sn: Sajfutdinow

#!RESULT OK
#!CONNECTION ldap://localhost:10389
#!DATE 2026-04-07T18:27:52.914
dn: cn=Mikkel Andersen,ou=Riders+description=Organizational unit including r
 iders,ou=Speedway+description=Main organizational unit,dc=example,dc=com
objectClass: inetOrgPerson
cn: Mikkel
sn: Andersen

#!RESULT OK
#!CONNECTION ldap://localhost:10389
#!DATE 2026-04-07T18:27:52.924
dn: cn=Daniel Bewley,ou=Riders+description=Organizational unit including rid
 ers,ou=Speedway+description=Main organizational unit,dc=example,dc=com
objectClass: inetOrgPerson
cn: Daniel
sn: Bewley

#!RESULT OK
#!CONNECTION ldap://localhost:10389
#!DATE 2026-04-07T18:27:52.933
dn: cn=Maciej Janowski,ou=Riders+description=Organizational unit including r
 iders,ou=Speedway+description=Main organizational unit,dc=example,dc=com
objectClass: inetOrgPerson
cn: Maciej
sn: Janowski

#!RESULT OK
#!CONNECTION ldap://localhost:10389
#!DATE 2026-04-07T18:27:52.942
dn: cn=Bartlomiej Kowalski,ou=Riders+description=Organizational unit includi
 ng riders,ou=Speedway+description=Main organizational unit,dc=example,dc=co
 m
objectClass: inetOrgPerson
cn: Bartlomiej
sn: Kowalski

#!RESULT OK
#!CONNECTION ldap://localhost:10389
#!DATE 2026-04-07T18:27:52.955
dn: cn=Brady Kurtz,ou=Riders+description=Organizational unit including rider
 s,ou=Speedway+description=Main organizational unit,dc=example,dc=com
objectClass: inetOrgPerson
cn: Brady
sn: Kurtz

#!RESULT OK
#!CONNECTION ldap://localhost:10389
#!DATE 2026-04-07T18:27:52.964
dn: cn=Artem Laguta,ou=Riders+description=Organizational unit including ride
 rs,ou=Speedway+description=Main organizational unit,dc=example,dc=com
objectClass: inetOrgPerson
cn: Artem
sn: Laguta

#!RESULT OK
#!CONNECTION ldap://localhost:10389
#!DATE 2026-04-07T18:27:52.974
dn: cn=Nikodem Mikolajczyk,ou=Riders+description=Organizational unit includi
 ng riders,ou=Speedway+description=Main organizational unit,dc=example,dc=co
 m
objectClass: inetOrgPerson
cn: Nikodem
sn: Mikolajczyk

#!RESULT OK
#!CONNECTION ldap://localhost:10389
#!DATE 2026-04-07T18:27:52.983
dn: cn=Michal Curzytek,ou=Riders+description=Organizational unit including r
 iders,ou=Speedway+description=Main organizational unit,dc=example,dc=com
objectClass: inetOrgPerson
cn: Michal
sn: Curzytek

#!RESULT OK
#!CONNECTION ldap://localhost:10389
#!DATE 2026-04-07T18:27:52.992
dn: cn=Eryk Faranski,ou=Riders+description=Organizational unit including rid
 ers,ou=Speedway+description=Main organizational unit,dc=example,dc=com
objectClass: inetOrgPerson
cn: Eryk
sn: Faranski

#!RESULT OK
#!CONNECTION ldap://localhost:10389
#!DATE 2026-04-07T18:27:53.002
dn: cn=Oskar Hurysz,ou=Riders+description=Organizational unit including ride
 rs,ou=Speedway+description=Main organizational unit,dc=example,dc=com
objectClass: inetOrgPerson
cn: Oskar
sn: Hurysz

#!RESULT OK
#!CONNECTION ldap://localhost:10389
#!DATE 2026-04-07T18:27:53.011
dn: cn=Dominik Kubera,ou=Riders+description=Organizational unit including ri
 ders,ou=Speedway+description=Main organizational unit,dc=example,dc=com
objectClass: inetOrgPerson
cn: Dominik
sn: Kubera

#!RESULT OK
#!CONNECTION ldap://localhost:10389
#!DATE 2026-04-07T18:27:53.021
dn: cn=Andzejs Lebedevs,ou=Riders+description=Organizational unit including 
 riders,ou=Speedway+description=Main organizational unit,dc=example,dc=com
objectClass: inetOrgPerson
cn: Andzejs
sn: Lebedevs

#!RESULT OK
#!CONNECTION ldap://localhost:10389
#!DATE 2026-04-07T18:27:53.033
dn: cn=Leon Madsen,ou=Riders+description=Organizational unit including rider
 s,ou=Speedway+description=Main organizational unit,dc=example,dc=com
objectClass: inetOrgPerson
cn: Leon
sn: Madsen

#!RESULT OK
#!CONNECTION ldap://localhost:10389
#!DATE 2026-04-07T18:27:53.043
dn: cn=Mitchell McDiarmid,ou=Riders+description=Organizational unit includin
 g riders,ou=Speedway+description=Main organizational unit,dc=example,dc=com
objectClass: inetOrgPerson
cn: Mitchell
sn: McDiarmid

#!RESULT OK
#!CONNECTION ldap://localhost:10389
#!DATE 2026-04-07T18:27:53.053
dn: cn=Przemyslaw Pawlicki,ou=Riders+description=Organizational unit includi
 ng riders,ou=Speedway+description=Main organizational unit,dc=example,dc=co
 m
objectClass: inetOrgPerson
cn: Przemyslaw
sn: Pawlicki

#!RESULT OK
#!CONNECTION ldap://localhost:10389
#!DATE 2026-04-07T18:27:53.062
dn: cn=Damian Ratajczak,ou=Riders+description=Organizational unit including 
 riders,ou=Speedway+description=Main organizational unit,dc=example,dc=com
objectClass: inetOrgPerson
cn: Damian
sn: Ratajczak

#!RESULT OK
#!CONNECTION ldap://localhost:10389
#!DATE 2026-04-07T18:27:53.073
dn: cn=Kacper Witrykus,ou=Riders+description=Organizational unit including r
 iders,ou=Speedway+description=Main organizational unit,dc=example,dc=com
objectClass: inetOrgPerson
cn: Kacper
sn: Witrykus

#!RESULT OK
#!CONNECTION ldap://localhost:10389
#!DATE 2026-04-07T18:27:53.086
dn: cn=Kacper Andrzejewski,ou=Riders+description=Organizational unit includi
 ng riders,ou=Speedway+description=Main organizational unit,dc=example,dc=co
 m
objectClass: inetOrgPerson
cn: Kacper
sn: Andrzejewski

#!RESULT OK
#!CONNECTION ldap://localhost:10389
#!DATE 2026-04-07T18:27:53.094
dn: cn=Tom Brennan,ou=Riders+description=Organizational unit including rider
 s,ou=Speedway+description=Main organizational unit,dc=example,dc=com
objectClass: inetOrgPerson
cn: Tom
sn: Brennan

#!RESULT OK
#!CONNECTION ldap://localhost:10389
#!DATE 2026-04-07T18:27:53.104
dn: cn=Krzysztof Buczkowski,ou=Riders+description=Organizational unit includ
 ing riders,ou=Speedway+description=Main organizational unit,dc=example,dc=c
 om
objectClass: inetOrgPerson
cn: Krzysztof
sn: Buczkowski

#!RESULT OK
#!CONNECTION ldap://localhost:10389
#!DATE 2026-04-07T18:27:53.112
dn: cn=Kai Huckenbeck,ou=Riders+description=Organizational unit including ri
 ders,ou=Speedway+description=Main organizational unit,dc=example,dc=com
objectClass: inetOrgPerson
cn: Kai
sn: Huckenbeck

#!RESULT OK
#!CONNECTION ldap://localhost:10389
#!DATE 2026-04-07T18:27:53.128
dn: cn=Oleksandr Loktayev,ou=Riders+description=Organizational unit includin
 g riders,ou=Speedway+description=Main organizational unit,dc=example,dc=com
objectClass: inetOrgPerson
cn: Oleksandr
sn: Loktayev

#!RESULT OK
#!CONNECTION ldap://localhost:10389
#!DATE 2026-04-07T18:27:53.137
dn: cn=Maksymilian Pawelczak,ou=Riders+description=Organizational unit inclu
 ding riders,ou=Speedway+description=Main organizational unit,dc=example,dc=
 com
objectClass: inetOrgPerson
cn: Maksymilian
sn: Pawelczak

#!RESULT OK
#!CONNECTION ldap://localhost:10389
#!DATE 2026-04-07T18:27:53.147
dn: cn=Wiktor Przyjemski,ou=Riders+description=Organizational unit including
  riders,ou=Speedway+description=Main organizational unit,dc=example,dc=com
objectClass: inetOrgPerson
cn: Wiktor
sn: Przyjemski

#!RESULT OK
#!CONNECTION ldap://localhost:10389
#!DATE 2026-04-07T18:27:53.157
dn: cn=Adam Putkowski,ou=Riders+description=Organizational unit including ri
 ders,ou=Speedway+description=Main organizational unit,dc=example,dc=com
objectClass: inetOrgPerson
cn: Adam
sn: Putkowski

#!RESULT OK
#!CONNECTION ldap://localhost:10389
#!DATE 2026-04-07T18:27:53.166
dn: cn=Szymon Wozniak,ou=Riders+description=Organizational unit including ri
 ders,ou=Speedway+description=Main organizational unit,dc=example,dc=com
objectClass: inetOrgPerson
cn: Szymon
sn: Wozniak

#!RESULT OK
#!CONNECTION ldap://localhost:10389
#!DATE 2026-04-07T18:27:53.174
dn: cn=Szymon Bandur,ou=Riders+description=Organizational unit including rid
 ers,ou=Speedway+description=Main organizational unit,dc=example,dc=com
objectClass: inetOrgPerson
cn: Szymon
sn: Bandur

#!RESULT OK
#!CONNECTION ldap://localhost:10389
#!DATE 2026-04-07T18:27:53.183
dn: cn=Luke Becker,ou=Riders+description=Organizational unit including rider
 s,ou=Speedway+description=Main organizational unit,dc=example,dc=com
objectClass: inetOrgPerson
cn: Luke
sn: Becker

#!RESULT OK
#!CONNECTION ldap://localhost:10389
#!DATE 2026-04-07T18:27:53.191
dn: cn=Marcus Birkemose,ou=Riders+description=Organizational unit including 
 riders,ou=Speedway+description=Main organizational unit,dc=example,dc=com
objectClass: inetOrgPerson
cn: Marcus
sn: Birkemose

#!RESULT OK
#!CONNECTION ldap://localhost:10389
#!DATE 2026-04-07T18:27:53.200
dn: cn=Robert Chmiel,ou=Riders+description=Organizational unit including rid
 ers,ou=Speedway+description=Main organizational unit,dc=example,dc=com
objectClass: inetOrgPerson
cn: Robert
sn: Chmiel

#!RESULT OK
#!CONNECTION ldap://localhost:10389
#!DATE 2026-04-07T18:27:53.209
dn: cn=Jason Doyle,ou=Riders+description=Organizational unit including rider
 s,ou=Speedway+description=Main organizational unit,dc=example,dc=com
objectClass: inetOrgPerson
cn: Jason
sn: Doyle

#!RESULT OK
#!CONNECTION ldap://localhost:10389
#!DATE 2026-04-07T18:27:53.219
dn: cn=Kacper Dudek,ou=Riders+description=Organizational unit including ride
 rs,ou=Speedway+description=Main organizational unit,dc=example,dc=com
objectClass: inetOrgPerson
cn: Kacper
sn: Dudek

#!RESULT OK
#!CONNECTION ldap://localhost:10389
#!DATE 2026-04-07T18:27:53.229
dn: cn=Kamil Kawecki,ou=Riders+description=Organizational unit including rid
 ers,ou=Speedway+description=Main organizational unit,dc=example,dc=com
objectClass: inetOrgPerson
cn: Kamil
sn: Kawecki

#!RESULT OK
#!CONNECTION ldap://localhost:10389
#!DATE 2026-04-07T18:27:53.240
dn: cn=Radoslaw Kowalski,ou=Riders+description=Organizational unit including
  riders,ou=Speedway+description=Main organizational unit,dc=example,dc=com
objectClass: inetOrgPerson
cn: Radoslaw
sn: Kowalski

#!RESULT OK
#!CONNECTION ldap://localhost:10389
#!DATE 2026-04-07T18:27:53.249
dn: cn=Oskar Kreglowski,ou=Riders+description=Organizational unit including 
 riders,ou=Speedway+description=Main organizational unit,dc=example,dc=com
objectClass: inetOrgPerson
cn: Oskar
sn: Kreglowski

#!RESULT OK
#!CONNECTION ldap://localhost:10389
#!DATE 2026-04-07T18:27:53.258
dn: cn=Zoltan Lovas,ou=Riders+description=Organizational unit including ride
 rs,ou=Speedway+description=Main organizational unit,dc=example,dc=com
objectClass: inetOrgPerson
cn: Zoltan
sn: Lovas

#!RESULT OK
#!CONNECTION ldap://localhost:10389
#!DATE 2026-04-07T18:27:53.266
dn: cn=Tobiasz Musielak,ou=Riders+description=Organizational unit including 
 riders,ou=Speedway+description=Main organizational unit,dc=example,dc=com
objectClass: inetOrgPerson
cn: Tobiasz
sn: Musielak

#!RESULT OK
#!CONNECTION ldap://localhost:10389
#!DATE 2026-04-07T18:27:53.275
dn: cn=Arkadiusz Wachala,ou=Riders+description=Organizational unit including
  riders,ou=Speedway+description=Main organizational unit,dc=example,dc=com
objectClass: inetOrgPerson
cn: Arkadiusz
sn: Wachala

#!RESULT OK
#!CONNECTION ldap://localhost:10389
#!DATE 2026-04-07T18:27:53.284
dn: cn=Jakub Wieszczak,ou=Riders+description=Organizational unit including r
 iders,ou=Speedway+description=Main organizational unit,dc=example,dc=com
objectClass: inetOrgPerson
cn: Jakub
sn: Wieszczak

#!RESULT OK
#!CONNECTION ldap://localhost:10389
#!DATE 2026-04-07T18:27:53.295
dn: cn=Oliver Berntzon,ou=Riders+description=Organizational unit including r
 iders,ou=Speedway+description=Main organizational unit,dc=example,dc=com
objectClass: inetOrgPerson
cn: Oliver
sn: Berntzon

#!RESULT OK
#!CONNECTION ldap://localhost:10389
#!DATE 2026-04-07T18:27:53.305
dn: cn=Zach Cook,ou=Riders+description=Organizational unit including riders,
 ou=Speedway+description=Main organizational unit,dc=example,dc=com
objectClass: inetOrgPerson
cn: Zach
sn: Cook

#!RESULT OK
#!CONNECTION ldap://localhost:10389
#!DATE 2026-04-07T18:27:53.315
dn: cn=Kacper Halkiewicz,ou=Riders+description=Organizational unit including
  riders,ou=Speedway+description=Main organizational unit,dc=example,dc=com
objectClass: inetOrgPerson
cn: Kacper
sn: Halkiewicz

#!RESULT OK
#!CONNECTION ldap://localhost:10389
#!DATE 2026-04-07T18:27:53.325
dn: cn=Kszysztof Lewandowski,ou=Riders+description=Organizational unit inclu
 ding riders,ou=Speedway+description=Main organizational unit,dc=example,dc=
 com
objectClass: inetOrgPerson
cn: Kszysztof
sn: Lewandowski

#!RESULT OK
#!CONNECTION ldap://localhost:10389
#!DATE 2026-04-07T18:27:53.335
dn: cn=Villads Nagel,ou=Riders+description=Organizational unit including rid
 ers,ou=Speedway+description=Main organizational unit,dc=example,dc=com
objectClass: inetOrgPerson
cn: Villads
sn: Nagel

#!RESULT OK
#!CONNECTION ldap://localhost:10389
#!DATE 2026-04-07T18:27:53.346
dn: cn=Marcin Nowak,ou=Riders+description=Organizational unit including ride
 rs,ou=Speedway+description=Main organizational unit,dc=example,dc=com
objectClass: inetOrgPerson
cn: Marcin
sn: Nowak

#!RESULT OK
#!CONNECTION ldap://localhost:10389
#!DATE 2026-04-07T18:27:53.354
dn: cn=Seweryn Oracki,ou=Riders+description=Organizational unit including ri
 ders,ou=Speedway+description=Main organizational unit,dc=example,dc=com
objectClass: inetOrgPerson
cn: Seweryn
sn: Oracki

#!RESULT OK
#!CONNECTION ldap://localhost:10389
#!DATE 2026-04-07T18:27:53.364
dn: cn=Tomasz Szelag,ou=Riders+description=Organizational unit including rid
 ers,ou=Speedway+description=Main organizational unit,dc=example,dc=com
objectClass: inetOrgPerson
cn: Tomasz
sn: Szelag

#!RESULT OK
#!CONNECTION ldap://localhost:10389
#!DATE 2026-04-07T18:27:53.373
dn: cn=Szymon Szlauderbach,ou=Riders+description=Organizational unit includi
 ng riders,ou=Speedway+description=Main organizational unit,dc=example,dc=co
 m
objectClass: inetOrgPerson
cn: Szymon
sn: Szlauderbach

#!RESULT OK
#!CONNECTION ldap://localhost:10389
#!DATE 2026-04-07T18:27:53.383
dn: cn=Daniel Thompson,ou=Riders+description=Organizational unit including r
 iders,ou=Speedway+description=Main organizational unit,dc=example,dc=com
objectClass: inetOrgPerson
cn: Daniel
sn: Thompson

#!RESULT OK
#!CONNECTION ldap://localhost:10389
#!DATE 2026-04-07T18:27:53.395
dn: cn=Kacper Zielinski,ou=Riders+description=Organizational unit including 
 riders,ou=Speedway+description=Main organizational unit,dc=example,dc=com
objectClass: inetOrgPerson
cn: Kacper
sn: Zielinski

#!RESULT OK
#!CONNECTION ldap://localhost:10389
#!DATE 2026-04-07T18:27:53.405
dn: cn=Gleb Chugunov,ou=Riders+description=Organizational unit including rid
 ers,ou=Speedway+description=Main organizational unit,dc=example,dc=com
objectClass: inetOrgPerson
cn: Gleb
sn: Chugunov

#!RESULT OK
#!CONNECTION ldap://localhost:10389
#!DATE 2026-04-07T18:27:53.416
dn: cn=Chris Holder,ou=Riders+description=Organizational unit including ride
 rs,ou=Speedway+description=Main organizational unit,dc=example,dc=com
objectClass: inetOrgPerson
cn: Chris
sn: Holder

#!RESULT OK
#!CONNECTION ldap://localhost:10389
#!DATE 2026-04-07T18:27:53.426
dn: cn=Frederik Jakobsen,ou=Riders+description=Organizational unit including
  riders,ou=Speedway+description=Main organizational unit,dc=example,dc=com
objectClass: inetOrgPerson
cn: Frederik
sn: Jakobsen

#!RESULT OK
#!CONNECTION ldap://localhost:10389
#!DATE 2026-04-07T18:27:53.436
dn: cn=Jakub Krawczyk,ou=Riders+description=Organizational unit including ri
 ders,ou=Speedway+description=Main organizational unit,dc=example,dc=com
objectClass: inetOrgPerson
cn: Jakub
sn: Krawczyk

#!RESULT OK
#!CONNECTION ldap://localhost:10389
#!DATE 2026-04-07T18:27:53.446
dn: cn=Filip Seniuk,ou=Riders+description=Organizational unit including ride
 rs,ou=Speedway+description=Main organizational unit,dc=example,dc=com
objectClass: inetOrgPerson
cn: Filip
sn: Seniuk

#!RESULT OK
#!CONNECTION ldap://localhost:10389
#!DATE 2026-04-07T18:27:53.456
dn: cn=Pawel Sitek,ou=Riders+description=Organizational unit including rider
 s,ou=Speedway+description=Main organizational unit,dc=example,dc=com
objectClass: inetOrgPerson
cn: Pawel
sn: Sitek

#!RESULT OK
#!CONNECTION ldap://localhost:10389
#!DATE 2026-04-07T18:27:53.468
dn: cn=Gracjan Szostak,ou=Riders+description=Organizational unit including r
 iders,ou=Speedway+description=Main organizational unit,dc=example,dc=com
objectClass: inetOrgPerson
cn: Gracjan
sn: Szostak

#!RESULT OK
#!CONNECTION ldap://localhost:10389
#!DATE 2026-04-07T18:27:53.480
dn: cn=Tai Woffinden,ou=Riders+description=Organizational unit including rid
 ers,ou=Speedway+description=Main organizational unit,dc=example,dc=com
objectClass: inetOrgPerson
cn: Tai
sn: Woffinden

#!RESULT OK
#!CONNECTION ldap://localhost:10389
#!DATE 2026-04-07T18:27:53.488
dn: cn=Dominik Barylka,ou=Riders+description=Organizational unit including r
 iders,ou=Speedway+description=Main organizational unit,dc=example,dc=com
objectClass: inetOrgPerson
cn: Dominik
sn: Barylka

#!RESULT OK
#!CONNECTION ldap://localhost:10389
#!DATE 2026-04-07T18:27:53.499
dn: cn=Benjamin Basso,ou=Riders+description=Organizational unit including ri
 ders,ou=Speedway+description=Main organizational unit,dc=example,dc=com
objectClass: inetOrgPerson
cn: Benjamin
sn: Basso

#!RESULT OK
#!CONNECTION ldap://localhost:10389
#!DATE 2026-04-07T18:27:53.507
dn: cn=Adrian Cyfer,ou=Riders+description=Organizational unit including ride
 rs,ou=Speedway+description=Main organizational unit,dc=example,dc=com
objectClass: inetOrgPerson
cn: Adrian
sn: Cyfer

#!RESULT OK
#!CONNECTION ldap://localhost:10389
#!DATE 2026-04-07T18:27:53.515
dn: cn=William Echardt Drejer,ou=Riders+description=Organizational unit incl
 uding riders,ou=Speedway+description=Main organizational unit,dc=example,dc
 =com
objectClass: inetOrgPerson
cn: William
sn: Echardt Drejer

#!RESULT OK
#!CONNECTION ldap://localhost:10389
#!DATE 2026-04-07T18:27:53.525
dn: cn=Wiktor Jasinski,ou=Riders+description=Organizational unit including r
 iders,ou=Speedway+description=Main organizational unit,dc=example,dc=com
objectClass: inetOrgPerson
cn: Wiktor
sn: Jasinski

#!RESULT OK
#!CONNECTION ldap://localhost:10389
#!DATE 2026-04-07T18:27:53.534
dn: cn=Norbert Kosciuch,ou=Riders+description=Organizational unit including 
 riders,ou=Speedway+description=Main organizational unit,dc=example,dc=com
objectClass: inetOrgPerson
cn: Norbert
sn: Kosciuch

#!RESULT OK
#!CONNECTION ldap://localhost:10389
#!DATE 2026-04-07T18:27:53.544
dn: cn=Emil Maroszek,ou=Riders+description=Organizational unit including rid
 ers,ou=Speedway+description=Main organizational unit,dc=example,dc=com
objectClass: inetOrgPerson
cn: Emil
sn: Maroszek

#!RESULT OK
#!CONNECTION ldap://localhost:10389
#!DATE 2026-04-07T18:27:53.554
dn: cn=Tobiasz Jakub Musielak,ou=Riders+description=Organizational unit incl
 uding riders,ou=Speedway+description=Main organizational unit,dc=example,dc
 =com
objectClass: inetOrgPerson
cn: Tobiasz Jakub
sn: Musielak

#!RESULT OK
#!CONNECTION ldap://localhost:10389
#!DATE 2026-04-07T18:27:53.563
dn: cn=Matias Nielsen,ou=Riders+description=Organizational unit including ri
 ders,ou=Speedway+description=Main organizational unit,dc=example,dc=com
objectClass: inetOrgPerson
cn: Matias
sn: Nielsen

#!RESULT OK
#!CONNECTION ldap://localhost:10389
#!DATE 2026-04-07T18:27:53.573
dn: cn=Piotr Piotrowski-Predki,ou=Riders+description=Organizational unit inc
 luding riders,ou=Speedway+description=Main organizational unit,dc=example,d
 c=com
objectClass: inetOrgPerson
cn: Piotr
sn: Piotrowski-Predki

#!RESULT OK
#!CONNECTION ldap://localhost:10389
#!DATE 2026-04-07T18:27:53.582
dn: cn=Kacper Teska,ou=Riders+description=Organizational unit including ride
 rs,ou=Speedway+description=Main organizational unit,dc=example,dc=com
objectClass: inetOrgPerson
cn: Kacper
sn: Teska

#!RESULT OK
#!CONNECTION ldap://localhost:10389
#!DATE 2026-04-07T18:27:53.593
dn: cn=Dimitri Berge,ou=Riders+description=Organizational unit including rid
 ers,ou=Speedway+description=Main organizational unit,dc=example,dc=com
objectClass: inetOrgPerson
cn: Dimitri
sn: Berge

#!RESULT OK
#!CONNECTION ldap://localhost:10389
#!DATE 2026-04-07T18:27:53.605
dn: cn=Ryan Douglas,ou=Riders+description=Organizational unit including ride
 rs,ou=Speedway+description=Main organizational unit,dc=example,dc=com
objectClass: inetOrgPerson
cn: Ryan
sn: Douglas

#!RESULT OK
#!CONNECTION ldap://localhost:10389
#!DATE 2026-04-07T18:27:53.614
dn: cn=Niels Kristian Iversen,ou=Riders+description=Organizational unit incl
 uding riders,ou=Speedway+description=Main organizational unit,dc=example,dc
 =com
objectClass: inetOrgPerson
cn: Niels Kristian
sn: Iversen

#!RESULT OK
#!CONNECTION ldap://localhost:10389
#!DATE 2026-04-07T18:27:53.625
dn: cn=Antoni Mencel,ou=Riders+description=Organizational unit including rid
 ers,ou=Speedway+description=Main organizational unit,dc=example,dc=com
objectClass: inetOrgPerson
cn: Antoni
sn: Mencel

#!RESULT OK
#!CONNECTION ldap://localhost:10389
#!DATE 2026-04-07T18:27:53.636
dn: cn=Kacper Pludra,ou=Riders+description=Organizational unit including rid
 ers,ou=Speedway+description=Main organizational unit,dc=example,dc=com
objectClass: inetOrgPerson
cn: Kacper
sn: Pludra

#!RESULT OK
#!CONNECTION ldap://localhost:10389
#!DATE 2026-04-07T18:27:53.648
dn: cn=Bartosz Smektala,ou=Riders+description=Organizational unit including 
 riders,ou=Speedway+description=Main organizational unit,dc=example,dc=com
objectClass: inetOrgPerson
cn: Bartosz
sn: Smektala

#!RESULT OK
#!CONNECTION ldap://localhost:10389
#!DATE 2026-04-07T18:27:53.658
dn: cn=Jakub Jamrog,ou=Riders+description=Organizational unit including ride
 rs,ou=Speedway+description=Main organizational unit,dc=example,dc=com
objectClass: inetOrgPerson
cn: Jakub
sn: Jamrog

#!RESULT OK
#!CONNECTION ldap://localhost:10389
#!DATE 2026-04-07T18:27:53.667
dn: cn=Jasper Knudsen,ou=Riders+description=Organizational unit including ri
 ders,ou=Speedway+description=Main organizational unit,dc=example,dc=com
objectClass: inetOrgPerson
cn: Jasper
sn: Knudsen

#!RESULT OK
#!CONNECTION ldap://localhost:10389
#!DATE 2026-04-07T18:27:53.678
dn: cn=Jan Kvech,ou=Riders+description=Organizational unit including riders,
 ou=Speedway+description=Main organizational unit,dc=example,dc=com
objectClass: inetOrgPerson
cn: Jan
sn: Kvech

#!RESULT OK
#!CONNECTION ldap://localhost:10389
#!DATE 2026-04-07T18:27:53.687
dn: cn=Wiktor Lampart,ou=Riders+description=Organizational unit including ri
 ders,ou=Speedway+description=Main organizational unit,dc=example,dc=com
objectClass: inetOrgPerson
cn: Wiktor
sn: Lampart

#!RESULT OK
#!CONNECTION ldap://localhost:10389
#!DATE 2026-04-07T18:27:53.697
dn: cn=Kacper Tkocz,ou=Riders+description=Organizational unit including ride
 rs,ou=Speedway+description=Main organizational unit,dc=example,dc=com
objectClass: inetOrgPerson
cn: Kacper
sn: Tkocz

#!RESULT OK
#!CONNECTION ldap://localhost:10389
#!DATE 2026-04-07T18:27:53.709
dn: cn=Patryk Wojdylo,ou=Riders+description=Organizational unit including ri
 ders,ou=Speedway+description=Main organizational unit,dc=example,dc=com
objectClass: inetOrgPerson
cn: Patryk
sn: Wojdylo

#!RESULT OK
#!CONNECTION ldap://localhost:10389
#!DATE 2026-04-07T18:27:53.722
dn: cn=Pawel Wyczyszczok,ou=Riders+description=Organizational unit including
  riders,ou=Speedway+description=Main organizational unit,dc=example,dc=com
objectClass: inetOrgPerson
cn: Pawel
sn: Wyczyszczok

#!RESULT OK
#!CONNECTION ldap://localhost:10389
#!DATE 2026-04-07T18:27:53.733
dn: cn=Maksym Borowiak,ou=Riders+description=Organizational unit including r
 iders,ou=Speedway+description=Main organizational unit,dc=example,dc=com
objectClass: inetOrgPerson
cn: Maksym
sn: Borowiak

#!RESULT OK
#!CONNECTION ldap://localhost:10389
#!DATE 2026-04-07T18:27:53.744
dn: cn=Oskar Fajfer,ou=Riders+description=Organizational unit including ride
 rs,ou=Speedway+description=Main organizational unit,dc=example,dc=com
objectClass: inetOrgPerson
cn: Oskar
sn: Fajfer

#!RESULT OK
#!CONNECTION ldap://localhost:10389
#!DATE 2026-04-07T18:27:53.756
dn: cn=Kryspin Jarosz,ou=Riders+description=Organizational unit including ri
 ders,ou=Speedway+description=Main organizational unit,dc=example,dc=com
objectClass: inetOrgPerson
cn: Kryspin
sn: Jarosz

#!RESULT OK
#!CONNECTION ldap://localhost:10389
#!DATE 2026-04-07T18:27:53.767
dn: cn=Rasmus Jensen,ou=Riders+description=Organizational unit including rid
 ers,ou=Speedway+description=Main organizational unit,dc=example,dc=com
objectClass: inetOrgPerson
cn: Rasmus
sn: Jensen

#!RESULT OK
#!CONNECTION ldap://localhost:10389
#!DATE 2026-04-07T18:27:53.778
dn: cn=Andreas Lyager,ou=Riders+description=Organizational unit including ri
 ders,ou=Speedway+description=Main organizational unit,dc=example,dc=com
objectClass: inetOrgPerson
cn: Andreas
sn: Lyager

#!RESULT OK
#!CONNECTION ldap://localhost:10389
#!DATE 2026-04-07T18:27:53.789
dn: cn=Franciszek Majewski,ou=Riders+description=Organizational unit includi
 ng riders,ou=Speedway+description=Main organizational unit,dc=example,dc=co
 m
objectClass: inetOrgPerson
cn: Franciszek
sn: Majewski

#!RESULT OK
#!CONNECTION ldap://localhost:10389
#!DATE 2026-04-07T18:27:53.799
dn: cn=Adrian Przybylo,ou=Riders+description=Organizational unit including r
 iders,ou=Speedway+description=Main organizational unit,dc=example,dc=com
objectClass: inetOrgPerson
cn: Adrian
sn: Przybylo

#!RESULT OK
#!CONNECTION ldap://localhost:10389
#!DATE 2026-04-07T18:27:53.812
dn: cn=Andres Rowe,ou=Riders+description=Organizational unit including rider
 s,ou=Speedway+description=Main organizational unit,dc=example,dc=com
objectClass: inetOrgPerson
cn: Andres
sn: Rowe

#!RESULT OK
#!CONNECTION ldap://localhost:10389
#!DATE 2026-04-07T18:27:53.823
dn: cn=Krzysztof Sadurski,ou=Riders+description=Organizational unit includin
 g riders,ou=Speedway+description=Main organizational unit,dc=example,dc=com
objectClass: inetOrgPerson
cn: Krzysztof
sn: Sadurski

#!RESULT OK
#!CONNECTION ldap://localhost:10389
#!DATE 2026-04-07T18:27:53.834
dn: cn=Patryk Surowiec,ou=Riders+description=Organizational unit including r
 iders,ou=Speedway+description=Main organizational unit,dc=example,dc=com
objectClass: inetOrgPerson
cn: Patryk
sn: Surowiec

#!RESULT OK
#!CONNECTION ldap://localhost:10389
#!DATE 2026-04-07T18:27:53.845
dn: cn=Mateusz Szczepaniak,ou=Riders+description=Organizational unit includi
 ng riders,ou=Speedway+description=Main organizational unit,dc=example,dc=co
 m
objectClass: inetOrgPerson
cn: Mateusz
sn: Szczepaniak

#!RESULT OK
#!CONNECTION ldap://localhost:10389
#!DATE 2026-04-07T18:27:53.855
dn: cn=Steven Goret,ou=Riders+description=Organizational unit including ride
 rs,ou=Speedway+description=Main organizational unit,dc=example,dc=com
objectClass: inetOrgPerson
cn: Steven
sn: Goret

#!RESULT OK
#!CONNECTION ldap://localhost:10389
#!DATE 2026-04-07T18:27:53.864
dn: cn=Krystian Pieszczek,ou=Riders+description=Organizational unit includin
 g riders,ou=Speedway+description=Main organizational unit,dc=example,dc=com
objectClass: inetOrgPerson
cn: Krystian
sn: Pieszczek

#!RESULT OK
#!CONNECTION ldap://localhost:10389
#!DATE 2026-04-07T18:27:53.874
dn: cn=Tim Sorensen,ou=Riders+description=Organizational unit including ride
 rs,ou=Speedway+description=Main organizational unit,dc=example,dc=com
objectClass: inetOrgPerson
cn: Tim
sn: Sorensen

#!RESULT OK
#!CONNECTION ldap://localhost:10389
#!DATE 2026-04-07T18:27:53.885
dn: cn=Jacob Thorssell,ou=Riders+description=Organizational unit including r
 iders,ou=Speedway+description=Main organizational unit,dc=example,dc=com
objectClass: inetOrgPerson
cn: Jacob
sn: Thorssell

#!RESULT OK
#!CONNECTION ldap://localhost:10389
#!DATE 2026-04-07T18:27:53.896
dn: cn=Casper Henriksson,ou=Riders+description=Organizational unit including
  riders,ou=Speedway+description=Main organizational unit,dc=example,dc=com
objectClass: inetOrgPerson
cn: Casper
sn: Henriksson

#!RESULT OK
#!CONNECTION ldap://localhost:10389
#!DATE 2026-04-07T18:27:53.907
dn: cn=Niklas Holm Jakobesen,ou=Riders+description=Organizational unit inclu
 ding riders,ou=Speedway+description=Main organizational unit,dc=example,dc=
 com
objectClass: inetOrgPerson
cn: Niklas Holm
sn: Jakobesen

#!RESULT OK
#!CONNECTION ldap://localhost:10389
#!DATE 2026-04-07T18:27:53.917
dn: cn=Milosz Wysocki,ou=Riders+description=Organizational unit including ri
 ders,ou=Speedway+description=Main organizational unit,dc=example,dc=com
objectClass: inetOrgPerson
cn: Milosz
sn: Wysocki

#!RESULT OK
#!CONNECTION ldap://localhost:10389
#!DATE 2026-04-07T18:27:53.927
dn: cn=Eryk Kaminski,ou=Riders+description=Organizational unit including rid
 ers,ou=Speedway+description=Main organizational unit,dc=example,dc=com
objectClass: inetOrgPerson
cn: Eryk
sn: Kaminski

#!RESULT OK
#!CONNECTION ldap://localhost:10389
#!DATE 2026-04-07T18:27:53.942
dn: cn=Mikolaj Krok,ou=Riders+description=Organizational unit including ride
 rs,ou=Speedway+description=Main organizational unit,dc=example,dc=com
objectClass: inetOrgPerson
cn: Mikolaj
sn: Krok

#!RESULT OK
#!CONNECTION ldap://localhost:10389
#!DATE 2026-04-07T18:27:53.952
dn: cn=Jakub Malina,ou=Riders+description=Organizational unit including ride
 rs,ou=Speedway+description=Main organizational unit,dc=example,dc=com
objectClass: inetOrgPerson
cn: Jakub
sn: Malina

#!RESULT OK
#!CONNECTION ldap://localhost:10389
#!DATE 2026-04-07T18:27:53.980
dn: cn=Jakub Redzimski,ou=Riders+description=Organizational unit including r
 iders,ou=Speedway+description=Main organizational unit,dc=example,dc=com
objectClass: inetOrgPerson
cn: Jakub
sn: Redzimski

#!RESULT OK
#!CONNECTION ldap://localhost:10389
#!DATE 2026-04-07T18:27:53.992
dn: cn=Kacper Wardulinski,ou=Riders+description=Organizational unit includin
 g riders,ou=Speedway+description=Main organizational unit,dc=example,dc=com
objectClass: inetOrgPerson
cn: Kacper
sn: Wardulinski

#!RESULT OK
#!CONNECTION ldap://localhost:10389
#!DATE 2026-04-07T18:27:54.003
dn: cn=Patrik Hansen,ou=Riders+description=Organizational unit including rid
 ers,ou=Speedway+description=Main organizational unit,dc=example,dc=com
objectClass: inetOrgPerson
cn: Patrik
sn: Hansen

#!RESULT OK
#!CONNECTION ldap://localhost:10389
#!DATE 2026-04-07T18:27:54.014
dn: cn=Jonas Jeppesen,ou=Riders+description=Organizational unit including ri
 ders,ou=Speedway+description=Main organizational unit,dc=example,dc=com
objectClass: inetOrgPerson
cn: Jonas
sn: Jeppesen

#!RESULT OK
#!CONNECTION ldap://localhost:10389
#!DATE 2026-04-07T18:27:54.024
dn: cn=Hubert Legownik,ou=Riders+description=Organizational unit including r
 iders,ou=Speedway+description=Main organizational unit,dc=example,dc=com
objectClass: inetOrgPerson
cn: Hubert
sn: Legownik

#!RESULT OK
#!CONNECTION ldap://localhost:10389
#!DATE 2026-04-07T18:27:54.032
dn: cn=Vaclav Milik,ou=Riders+description=Organizational unit including ride
 rs,ou=Speedway+description=Main organizational unit,dc=example,dc=com
objectClass: inetOrgPerson
cn: Vaclav
sn: Milik

#!RESULT OK
#!CONNECTION ldap://localhost:10389
#!DATE 2026-04-07T18:27:54.042
dn: cn=Oskar Polis,ou=Riders+description=Organizational unit including rider
 s,ou=Speedway+description=Main organizational unit,dc=example,dc=com
objectClass: inetOrgPerson
cn: Oskar
sn: Polis

#!RESULT OK
#!CONNECTION ldap://localhost:10389
#!DATE 2026-04-07T18:27:54.051
dn: cn=Mathias Thoernblom,ou=Riders+description=Organizational unit includin
 g riders,ou=Speedway+description=Main organizational unit,dc=example,dc=com
objectClass: inetOrgPerson
cn: Mathias
sn: Thoernblom

#!RESULT OK
#!CONNECTION ldap://localhost:10389
#!DATE 2026-04-07T18:27:54.062
dn: cn=Jakub Fabisz,ou=Riders+description=Organizational unit including ride
 rs,ou=Speedway+description=Main organizational unit,dc=example,dc=com
objectClass: inetOrgPerson
cn: Jakub
sn: Fabisz

#!RESULT OK
#!CONNECTION ldap://localhost:10389
#!DATE 2026-04-07T18:27:54.073
dn: cn=Dastin Lukaszczyk,ou=Riders+description=Organizational unit including
  riders,ou=Speedway+description=Main organizational unit,dc=example,dc=com
objectClass: inetOrgPerson
cn: Dastin
sn: Lukaszczyk

#!RESULT OK
#!CONNECTION ldap://localhost:10389
#!DATE 2026-04-07T18:27:54.084
dn: cn=Oskar Stepien,ou=Riders+description=Organizational unit including rid
 ers,ou=Speedway+description=Main organizational unit,dc=example,dc=com
objectClass: inetOrgPerson
cn: Oskar
sn: Stepien

#!RESULT OK
#!CONNECTION ldap://localhost:10389
#!DATE 2026-04-07T18:27:54.094
dn: cn=Sam Masters,ou=Riders+description=Organizational unit including rider
 s,ou=Speedway+description=Main organizational unit,dc=example,dc=com
objectClass: inetOrgPerson
cn: Sam
sn: Masters

#!RESULT OK
#!CONNECTION ldap://localhost:10389
#!DATE 2026-04-07T18:27:54.105
dn: cn=Kevin Fajfer,ou=Riders+description=Organizational unit including ride
 rs,ou=Speedway+description=Main organizational unit,dc=example,dc=com
objectClass: inetOrgPerson
cn: Kevin
sn: Fajfer

#!RESULT OK
#!CONNECTION ldap://localhost:10389
#!DATE 2026-04-07T18:27:54.114
dn: cn=Kim Nilsson,ou=Riders+description=Organizational unit including rider
 s,ou=Speedway+description=Main organizational unit,dc=example,dc=com
objectClass: inetOrgPerson
cn: Kim
sn: Nilsson

#!RESULT OK
#!CONNECTION ldap://localhost:10389
#!DATE 2026-04-07T18:27:54.124
dn: cn=Charles Wright,ou=Riders+description=Organizational unit including ri
 ders,ou=Speedway+description=Main organizational unit,dc=example,dc=com
objectClass: inetOrgPerson
cn: Charles
sn: Wright

#!RESULT OK
#!CONNECTION ldap://localhost:10389
#!DATE 2026-04-07T18:27:54.136
dn: cn=Lukas Fienhage,ou=Riders+description=Organizational unit including ri
 ders,ou=Speedway+description=Main organizational unit,dc=example,dc=com
objectClass: inetOrgPerson
cn: Lukas
sn: Fienhage

#!RESULT OK
#!CONNECTION ldap://localhost:10389
#!DATE 2026-04-07T18:27:54.148
dn: cn=Janek Konzack,ou=Riders+description=Organizational unit including rid
 ers,ou=Speedway+description=Main organizational unit,dc=example,dc=com
objectClass: inetOrgPerson
cn: Janek
sn: Konzack

#!RESULT OK
#!CONNECTION ldap://localhost:10389
#!DATE 2026-04-07T18:27:54.159
dn: cn=Tyler Haupt,ou=Riders+description=Organizational unit including rider
 s,ou=Speedway+description=Main organizational unit,dc=example,dc=com
objectClass: inetOrgPerson
cn: Tyler
sn: Haupt

#!RESULT OK
#!CONNECTION ldap://localhost:10389
#!DATE 2026-04-07T18:27:54.174
dn: cn=Erik Riss,ou=Riders+description=Organizational unit including riders,
 ou=Speedway+description=Main organizational unit,dc=example,dc=com
objectClass: inetOrgPerson
cn: Erik
sn: Riss

#!RESULT OK
#!CONNECTION ldap://localhost:10389
#!DATE 2026-04-07T18:27:54.186
dn: cn=Kevin Wolbert,ou=Riders+description=Organizational unit including rid
 ers,ou=Speedway+description=Main organizational unit,dc=example,dc=com
objectClass: inetOrgPerson
cn: Kevin
sn: Wolbert

#!RESULT OK
#!CONNECTION ldap://localhost:10389
#!DATE 2026-04-07T18:27:54.200
dn: cn=Leon Flint,ou=Riders+description=Organizational unit including riders
 ,ou=Speedway+description=Main organizational unit,dc=example,dc=com
objectClass: inetOrgPerson
cn: Leon
sn: Flint

#!RESULT OK
#!CONNECTION ldap://localhost:10389
#!DATE 2026-04-07T18:27:54.213
dn: cn=Paco Castagna,ou=Riders+description=Organizational unit including rid
 ers,ou=Speedway+description=Main organizational unit,dc=example,dc=com
objectClass: inetOrgPerson
cn: Paco
sn: Castagna

#!RESULT OK
#!CONNECTION ldap://localhost:10389
#!DATE 2026-04-07T18:27:54.223
dn: cn=Mario Hasul,ou=Riders+description=Organizational unit including rider
 s,ou=Speedway+description=Main organizational unit,dc=example,dc=com
objectClass: inetOrgPerson
cn: Mario
sn: Hasul

#!RESULT OK
#!CONNECTION ldap://localhost:10389
#!DATE 2026-04-07T18:27:54.234
dn: cn=Adrian Gorzkowski,ou=Riders+description=Organizational unit including
  riders,ou=Speedway+description=Main organizational unit,dc=example,dc=com
objectClass: inetOrgPerson
cn: Adrian
sn: Gorzkowski

#!RESULT OK
#!CONNECTION ldap://localhost:10389
#!DATE 2026-04-07T18:27:54.244
dn: cn=Igor Gryzlo,ou=Riders+description=Organizational unit including rider
 s,ou=Speedway+description=Main organizational unit,dc=example,dc=com
objectClass: inetOrgPerson
cn: Igor
sn: Gryzlo

#!RESULT OK
#!CONNECTION ldap://localhost:10389
#!DATE 2026-04-07T18:27:54.257
dn: cn=Sebastian Madej,ou=Riders+description=Organizational unit including r
 iders,ou=Speedway+description=Main organizational unit,dc=example,dc=com
objectClass: inetOrgPerson
cn: Sebastian
sn: Madej

#!RESULT OK
#!CONNECTION ldap://localhost:10389
#!DATE 2026-04-07T18:27:54.268
dn: cn=Oleg Michajlow,ou=Riders+description=Organizational unit including ri
 ders,ou=Speedway+description=Main organizational unit,dc=example,dc=com
objectClass: inetOrgPerson
cn: Oleg
sn: Michajlow

#!RESULT OK
#!CONNECTION ldap://localhost:10389
#!DATE 2026-04-07T18:27:54.279
dn: cn=Jonas Knudsen,ou=Riders+description=Organizational unit including rid
 ers,ou=Speedway+description=Main organizational unit,dc=example,dc=com
objectClass: inetOrgPerson
cn: Jonas
sn: Knudsen

#!RESULT OK
#!CONNECTION ldap://localhost:10389
#!DATE 2026-04-07T18:27:54.290
dn: cn=Peter Kildemand,ou=Riders+description=Organizational unit including r
 iders,ou=Speedway+description=Main organizational unit,dc=example,dc=com
objectClass: inetOrgPerson
cn: Peter
sn: Kildemand

#!RESULT OK
#!CONNECTION ldap://localhost:10389
#!DATE 2026-04-07T18:27:54.302
dn: cn=Tate Zischke,ou=Riders+description=Organizational unit including ride
 rs,ou=Speedway+description=Main organizational unit,dc=example,dc=com
objectClass: inetOrgPerson
cn: Tate
sn: Zischke

#!RESULT OK
#!CONNECTION ldap://localhost:10389
#!DATE 2026-04-07T18:27:54.312
dn: cn=Will Cairns,ou=Riders+description=Organizational unit including rider
 s,ou=Speedway+description=Main organizational unit,dc=example,dc=com
objectClass: inetOrgPerson
cn: Will
sn: Cairns

#!RESULT OK
#!CONNECTION ldap://localhost:10389
#!DATE 2026-04-07T18:27:54.324
dn: cn=Philip Hellstrom-Bangs,ou=Riders+description=Organizational unit incl
 uding riders,ou=Speedway+description=Main organizational unit,dc=example,dc
 =com
objectClass: inetOrgPerson
cn: Philip
sn: Hellstrom-Bangs

#!RESULT OK
#!CONNECTION ldap://localhost:10389
#!DATE 2026-04-07T18:27:54.335
dn: cn=Scott Nicholls,ou=Riders+description=Organizational unit including ri
 ders,ou=Speedway+description=Main organizational unit,dc=example,dc=com
objectClass: inetOrgPerson
cn: Scott
sn: Nicholls

#!RESULT OK
#!CONNECTION ldap://localhost:10389
#!DATE 2026-04-07T18:27:54.346
dn: cn=Richard Lawson,ou=Riders+description=Organizational unit including ri
 ders,ou=Speedway+description=Main organizational unit,dc=example,dc=com
objectClass: inetOrgPerson
cn: Richard
sn: Lawson

#!RESULT OK
#!CONNECTION ldap://localhost:10389
#!DATE 2026-04-07T18:27:54.357
dn: cn=Danny King,ou=Riders+description=Organizational unit including riders
 ,ou=Speedway+description=Main organizational unit,dc=example,dc=com
objectClass: inetOrgPerson
cn: Danny
sn: King

#!RESULT OK
#!CONNECTION ldap://localhost:10389
#!DATE 2026-04-07T18:27:54.367
dn: cn=Jason Edwards,ou=Riders+description=Organizational unit including rid
 ers,ou=Speedway+description=Main organizational unit,dc=example,dc=com
objectClass: inetOrgPerson
cn: Jason
sn: Edwards

#!RESULT OK
#!CONNECTION ldap://localhost:10389
#!DATE 2026-04-07T18:27:54.378
dn: cn=Chris Harris,ou=Riders+description=Organizational unit including ride
 rs,ou=Speedway+description=Main organizational unit,dc=example,dc=com
objectClass: inetOrgPerson
cn: Chris
sn: Harris

#!RESULT OK
#!CONNECTION ldap://localhost:10389
#!DATE 2026-04-07T18:27:54.389
dn: cn=Cooper Rushen,ou=Riders+description=Organizational unit including rid
 ers,ou=Speedway+description=Main organizational unit,dc=example,dc=com
objectClass: inetOrgPerson
cn: Cooper
sn: Rushen

#!RESULT OK
#!CONNECTION ldap://localhost:10389
#!DATE 2026-04-07T18:27:54.400
dn: cn=Jody Scott,ou=Riders+description=Organizational unit including riders
 ,ou=Speedway+description=Main organizational unit,dc=example,dc=com
objectClass: inetOrgPerson
cn: Jody
sn: Scott

#!RESULT OK
#!CONNECTION ldap://localhost:10389
#!DATE 2026-04-07T18:27:54.411
dn: cn=Nick Morris,ou=Riders+description=Organizational unit including rider
 s,ou=Speedway+description=Main organizational unit,dc=example,dc=com
objectClass: inetOrgPerson
cn: Nick
sn: Morris

#!RESULT OK
#!CONNECTION ldap://localhost:10389
#!DATE 2026-04-07T18:27:54.422
dn: cn=Drew Kemp,ou=Riders+description=Organizational unit including riders,
 ou=Speedway+description=Main organizational unit,dc=example,dc=com
objectClass: inetOrgPerson
cn: Drew
sn: Kemp

#!RESULT OK
#!CONNECTION ldap://localhost:10389
#!DATE 2026-04-07T18:27:54.431
dn: cn=Dan Glikes,ou=Riders+description=Organizational unit including riders
 ,ou=Speedway+description=Main organizational unit,dc=example,dc=com
objectClass: inetOrgPerson
cn: Dan
sn: Glikes

#!RESULT OK
#!CONNECTION ldap://localhost:10389
#!DATE 2026-04-07T18:27:54.443
dn: cn=Kyle Howarth,ou=Riders+description=Organizational unit including ride
 rs,ou=Speedway+description=Main organizational unit,dc=example,dc=com
objectClass: inetOrgPerson
cn: Kyle
sn: Howarth

#!RESULT OK
#!CONNECTION ldap://localhost:10389
#!DATE 2026-04-07T18:27:54.454
dn: cn=Jye Etheridge,ou=Riders+description=Organizational unit including rid
 ers,ou=Speedway+description=Main organizational unit,dc=example,dc=com
objectClass: inetOrgPerson
cn: Jye
sn: Etheridge

#!RESULT OK
#!CONNECTION ldap://localhost:10389
#!DATE 2026-04-07T18:27:54.465
dn: cn=Luke Killeen,ou=Riders+description=Organizational unit including ride
 rs,ou=Speedway+description=Main organizational unit,dc=example,dc=com
objectClass: inetOrgPerson
cn: Luke
sn: Killeen

#!RESULT OK
#!CONNECTION ldap://localhost:10389
#!DATE 2026-04-07T18:27:54.475
dn: cn=Josh Pickering,ou=Riders+description=Organizational unit including ri
 ders,ou=Speedway+description=Main organizational unit,dc=example,dc=com
objectClass: inetOrgPerson
cn: Josh
sn: Pickering

#!RESULT OK
#!CONNECTION ldap://localhost:10389
#!DATE 2026-04-07T18:27:54.487
dn: cn=Nicklas Aagaard,ou=Riders+description=Organizational unit including r
 iders,ou=Speedway+description=Main organizational unit,dc=example,dc=com
objectClass: inetOrgPerson
cn: Nicklas
sn: Aagaard

#!RESULT OK
#!CONNECTION ldap://localhost:10389
#!DATE 2026-04-07T18:27:54.499
dn: cn=Michael Thyme,ou=Riders+description=Organizational unit including rid
 ers,ou=Speedway+description=Main organizational unit,dc=example,dc=com
objectClass: inetOrgPerson
cn: Michael
sn: Thyme

#!RESULT OK
#!CONNECTION ldap://localhost:10389
#!DATE 2026-04-07T18:27:54.511
dn: cn=Fraser Bowes,ou=Riders+description=Organizational unit including ride
 rs,ou=Speedway+description=Main organizational unit,dc=example,dc=com
objectClass: inetOrgPerson
cn: Fraser
sn: Bowes

#!RESULT OK
#!CONNECTION ldap://localhost:10389
#!DATE 2026-04-07T18:27:54.522
dn: cn=Timo Lahti,ou=Riders+description=Organizational unit including riders
 ,ou=Speedway+description=Main organizational unit,dc=example,dc=com
objectClass: inetOrgPerson
cn: Timo
sn: Lahti

#!RESULT OK
#!CONNECTION ldap://localhost:10389
#!DATE 2026-04-07T18:27:54.533
dn: cn=Rene Bach,ou=Riders+description=Organizational unit including riders,
 ou=Speedway+description=Main organizational unit,dc=example,dc=com
objectClass: inetOrgPerson
cn: Rene
sn: Bach

#!RESULT OK
#!CONNECTION ldap://localhost:10389
#!DATE 2026-04-07T18:27:54.546
dn: cn=Kevin Juhl Pedersen,ou=Riders+description=Organizational unit includi
 ng riders,ou=Speedway+description=Main organizational unit,dc=example,dc=co
 m
objectClass: inetOrgPerson
cn: Kevin Juhl
sn: Pedersen

#!RESULT OK
#!CONNECTION ldap://localhost:10389
#!DATE 2026-04-07T18:27:54.557
dn: cn=Kenneth Bjerre,ou=Riders+description=Organizational unit including ri
 ders,ou=Speedway+description=Main organizational unit,dc=example,dc=com
objectClass: inetOrgPerson
cn: Kenneth
sn: Bjerre

#!RESULT OK
#!CONNECTION ldap://localhost:10389
#!DATE 2026-04-07T18:27:54.568
dn: cn=Mikkel Bech,ou=Riders+description=Organizational unit including rider
 s,ou=Speedway+description=Main organizational unit,dc=example,dc=com
objectClass: inetOrgPerson
cn: Mikkel
sn: Bech

#!RESULT OK
#!CONNECTION ldap://localhost:10389
#!DATE 2026-04-07T18:27:54.578
dn: cn=Villads Pedersen,ou=Riders+description=Organizational unit including 
 riders,ou=Speedway+description=Main organizational unit,dc=example,dc=com
objectClass: inetOrgPerson
cn: Villads
sn: Pedersen

#!RESULT OK
#!CONNECTION ldap://localhost:10389
#!DATE 2026-04-07T18:27:54.589
dn: cn=Adam Ellis,ou=Riders+description=Organizational unit including riders
 ,ou=Speedway+description=Main organizational unit,dc=example,dc=com
objectClass: inetOrgPerson
cn: Adam
sn: Ellis

#!RESULT OK
#!CONNECTION ldap://localhost:10389
#!DATE 2026-04-07T18:27:54.602
dn: cn=Filip Hjelmland,ou=Riders+description=Organizational unit including r
 iders,ou=Speedway+description=Main organizational unit,dc=example,dc=com
objectClass: inetOrgPerson
cn: Filip
sn: Hjelmland

#!RESULT OK
#!CONNECTION ldap://localhost:10389
#!DATE 2026-04-07T18:27:54.614
dn: cn=Anton Karlsson,ou=Riders+description=Organizational unit including ri
 ders,ou=Speedway+description=Main organizational unit,dc=example,dc=com
objectClass: inetOrgPerson
cn: Anton
sn: Karlsson

#!RESULT OK
#!CONNECTION ldap://localhost:10389
#!DATE 2026-04-07T18:27:54.625
dn: cn=Mathias Thornblom,ou=Riders+description=Organizational unit including
  riders,ou=Speedway+description=Main organizational unit,dc=example,dc=com
objectClass: inetOrgPerson
cn: Mathias
sn: Thornblom

#!RESULT OK
#!CONNECTION ldap://localhost:10389
#!DATE 2026-04-07T18:27:54.635
dn: cn=Jonathan Grahn,ou=Riders+description=Organizational unit including ri
 ders,ou=Speedway+description=Main organizational unit,dc=example,dc=com
objectClass: inetOrgPerson
cn: Jonathan
sn: Grahn

